Arguments: 
  /home/hiccup/.nvm/versions/node/v16.18.0/bin/node /usr/share/yarn/bin/yarn.js install

PATH: 
  /home/hiccup/.nvm/versions/node/v16.18.0/bin:/usr/local/sbin:/usr/local/bin:/usr/sbin:/usr/bin:/sbin:/bin:/usr/games:/usr/local/games:/mnt/c/Windows/system32:/mnt/c/Windows:/mnt/c/Windows/System32/Wbem:/mnt/c/Windows/System32/WindowsPowerShell/v1.0/:/mnt/c/Windows/System32/OpenSSH/:/mnt/c/Program Files/Git/cmd:/mnt/c/Program Files/TortoiseGit/bin:/mnt/c/Users/Administrator/AppData/Roaming/nvm:/mnt/c/Program Files/nodejs:/mnt/c/Program Files/GitHub CLI/:/mnt/c/Users/Administrator/AppData/Local/Microsoft/WindowsApps:/mnt/c/Users/Administrator/AppData/Local/Programs/Microsoft VS Code/bin:/mnt/c/Users/Administrator/AppData/Roaming/npm:/mnt/c/Users/Administrator/AppData/Roaming/nvm:/mnt/c/Program Files/nodejs:/mnt/c/xampp/php:/snap/bin

Yarn version: 
  1.22.19

Node version: 
  16.18.0

Platform: 
  linux x64

Trace: 
  Error: EACCES: permission denied, copyfile '/home/hiccup/.cache/yarn/v6/npm-node-notifier-8.0.2-f3167a38ef0d2c8a866a83e318c1ba0efeb702c5-integrity/node_modules/node-notifier/vendor/notifu/notifu.exe' -> '/mnt/d/work/home_assignment/file-uploader-ui/node_modules/node-notifier/vendor/notifu/notifu.exe'

npm manifest: 
  {
    "name": "file-uploader-ui",
    "version": "1.0.0",
    "description": "",
    "keywords": [],
    "main": "src/index.js",
    "dependencies": {
      "lodash": "4.17.21",
      "react": "17.0.2",
      "react-bootstrap": "1.6.3",
      "react-dom": "17.0.2",
      "react-dropzone": "11.4.0",
      "react-scripts": "4.0.0"
    },
    "devDependencies": {
      "@babel/runtime": "7.13.8",
      "typescript": "4.1.3"
    },
    "scripts": {
      "start": "react-scripts start",
      "build": "react-scripts build",
      "test": "react-scripts test --env=jsdom",
      "eject": "react-scripts eject"
    },
    "browserslist": [
      ">0.2%",
      "not dead",
      "not ie <= 11",
      "not op_mini all"
    ]
  }

yarn manifest: 
  No manifest

Lockfile: 
  No lockfile
